[2023-03-30T20:18:14.056+0800][0.018s] Using G1
[2023-03-30T20:18:15.345+0800][1.307s] Version: 17.0.4.1+1 (release)
[2023-03-30T20:18:15.345+0800][1.307s] CPUs: 20 total, 20 available
[2023-03-30T20:18:15.345+0800][1.307s] Memory: 16055M
[2023-03-30T20:18:15.345+0800][1.307s] Large Page Support: Disabled
[2023-03-30T20:18:15.345+0800][1.307s] NUMA Support: Disabled
[2023-03-30T20:18:15.345+0800][1.307s] Compressed Oops: Enabled (32-bit)
[2023-03-30T20:18:15.345+0800][1.307s] Heap Region Size: 1M
[2023-03-30T20:18:15.345+0800][1.307s] Heap Min Capacity: 512M
[2023-03-30T20:18:15.345+0800][1.307s] Heap Initial Capacity: 512M
[2023-03-30T20:18:15.345+0800][1.307s] Heap Max Capacity: 512M
[2023-03-30T20:18:15.345+0800][1.307s] Pre-touch: Enabled
[2023-03-30T20:18:15.345+0800][1.307s] Parallel Workers: 15
[2023-03-30T20:18:15.345+0800][1.307s] Concurrent Workers: 4
[2023-03-30T20:18:15.345+0800][1.307s] Concurrent Refinement Workers: 15
[2023-03-30T20:18:15.345+0800][1.307s] Periodic GC: Disabled
[2023-03-30T20:18:15.346+0800][1.308s] CDS archive(s) mapped at: [0x0000000800000000-0x0000000800bc0000-0x0000000800bc0000), size 12320768, SharedBaseAddress: 0x0000000800000000, ArchiveRelocationMode: 0.
[2023-03-30T20:18:15.346+0800][1.308s] Compressed class space mapped at: 0x0000000800c00000-0x0000000840c00000, reserved size: 1073741824
[2023-03-30T20:18:15.346+0800][1.308s] Narrow klass base: 0x0000000800000000, Narrow klass shift: 0, Narrow klass range: 0x100000000
[2023-03-30T20:18:15.493+0800][1.455s] Heap
[2023-03-30T20:18:15.494+0800][1.456s]  garbage-first heap   total 524288K, used 3072K [0x00000000e0000000, 0x0000000100000000)
[2023-03-30T20:18:15.494+0800][1.456s]   region size 1024K, 3 young (3072K), 0 survivors (0K)
[2023-03-30T20:18:15.494+0800][1.456s]  Metaspace       used 1134K, committed 1280K, reserved 1056768K
[2023-03-30T20:18:15.494+0800][1.456s]   class space    used 98K, committed 192K, reserved 1048576K
